2025-10-19 11:29:33,503 - api_server - INFO - {"component": "api_server", "log_level": "INFO", "log_file": "./logs/firewalld_central.log", "event": "Logging initialized", "logger": "api_server", "level": "info", "timestamp": "2025-10-19T09:29:33.503867Z"}
2025-10-19 11:29:33,523 - database_manager - ERROR - {"error": "No module named 'asyncpg'", "event": "Failed to initialize database", "logger": "database_manager", "level": "error", "timestamp": "2025-10-19T09:29:33.523191Z"}
2025-11-05 08:42:05,698 - api_server - INFO - {"component": "api_server", "log_level": "INFO", "log_file": "./logs/firewalld_central.log", "event": "Logging initialized", "logger": "api_server", "level": "info", "timestamp": "2025-11-05T07:42:05.698246Z"}
2025-11-05 08:42:05,717 - database_manager - ERROR - {"error": "No module named 'asyncpg'", "event": "Failed to initialize database", "logger": "database_manager", "level": "error", "timestamp": "2025-11-05T07:42:05.717371Z"}
2025-11-05 08:42:28,100 - api_server - INFO - {"component": "api_server", "log_level": "INFO", "log_file": "./logs/firewalld_central.log", "event": "Logging initialized", "logger": "api_server", "level": "info", "timestamp": "2025-11-05T07:42:28.100555Z"}
2025-11-05 08:42:28,134 - database_manager - ERROR - {"error": "[Errno 111] Connection refused", "event": "Failed to initialize database", "logger": "database_manager", "level": "error", "timestamp": "2025-11-05T07:42:28.134394Z"}
2025-11-11 17:28:51,276 - api_server - INFO - {"component": "api_server", "log_level": "INFO", "log_file": "./logs/firewalld_central.log", "event": "Logging initialized", "logger": "api_server", "level": "info", "timestamp": "2025-11-11T16:28:51.276125Z"}
2025-11-11 17:28:51,294 - database_manager - ERROR - {"error": "No module named 'asyncpg'", "event": "Failed to initialize database", "logger": "database_manager", "level": "error", "timestamp": "2025-11-11T16:28:51.294774Z"}
2025-11-11 17:29:06,412 - api_server - INFO - {"component": "api_server", "log_level": "INFO", "log_file": "./logs/firewalld_central.log", "event": "Logging initialized", "logger": "api_server", "level": "info", "timestamp": "2025-11-11T16:29:06.412331Z"}
2025-11-11 17:29:06,448 - database_manager - ERROR - {"error": "[Errno 111] Connection refused", "event": "Failed to initialize database", "logger": "database_manager", "level": "error", "timestamp": "2025-11-11T16:29:06.448089Z"}
2025-11-11 17:32:43,303 - api_server - INFO - {"component": "api_server", "log_level": "INFO", "log_file": "./logs/firewalld_central.log", "event": "Logging initialized", "logger": "api_server", "level": "info", "timestamp": "2025-11-11T16:32:43.303748Z"}
2025-11-11 17:32:43,334 - database_manager - ERROR - {"error": "[Errno 111] Connection refused", "event": "Failed to initialize database", "logger": "database_manager", "level": "error", "timestamp": "2025-11-11T16:32:43.334768Z"}
2025-11-11 17:34:48,576 - api_server - INFO - {"component": "api_server", "log_level": "INFO", "log_file": "./logs/firewalld_central.log", "event": "Logging initialized", "logger": "api_server", "level": "info", "timestamp": "2025-11-11T16:34:48.576217Z"}
2025-11-11 17:34:48,609 - database_manager - ERROR - {"error": "[Errno 111] Connection refused", "event": "Failed to initialize database", "logger": "database_manager", "level": "error", "timestamp": "2025-11-11T16:34:48.609597Z"}
2025-11-11 17:41:47,306 - api_server - INFO - {"component": "api_server", "log_level": "INFO", "log_file": "./logs/firewalld_central.log", "event": "Logging initialized", "logger": "api_server", "level": "info", "timestamp": "2025-11-11T16:41:47.306831Z"}
2025-11-11 17:41:47,307 - api_server - INFO - {"event": "Redis connected", "logger": "api_server", "level": "info", "timestamp": "2025-11-11T16:41:47.307156Z"}
2025-11-11 17:41:47,336 - database_manager - ERROR - {"error": "[Errno 111] Connection refused", "event": "Failed to initialize database", "logger": "database_manager", "level": "error", "timestamp": "2025-11-11T16:41:47.336113Z"}
2025-11-11 17:42:49,871 - api_server - INFO - {"component": "api_server", "log_level": "INFO", "log_file": "./logs/firewalld_central.log", "event": "Logging initialized", "logger": "api_server", "level": "info", "timestamp": "2025-11-11T16:42:49.871302Z"}
2025-11-11 17:42:49,874 - api_server - INFO - {"event": "Redis connected", "logger": "api_server", "level": "info", "timestamp": "2025-11-11T16:42:49.874240Z"}
2025-11-11 17:42:49,907 - database_manager - ERROR - {"error": "[Errno 111] Connection refused", "event": "Failed to initialize database", "logger": "database_manager", "level": "error", "timestamp": "2025-11-11T16:42:49.907247Z"}
2025-11-11 17:56:27,058 - api_server - INFO - {"component": "api_server", "log_level": "INFO", "log_file": "./logs/firewalld_central.log", "event": "Logging initialized", "logger": "api_server", "level": "info", "timestamp": "2025-11-11T16:56:27.058144Z"}
2025-11-11 17:56:27,058 - api_server - INFO - {"event": "Redis disabled for development", "logger": "api_server", "level": "info", "timestamp": "2025-11-11T16:56:27.058291Z"}
2025-11-11 17:56:27,074 - database_manager - INFO - {"event": "Database initialized successfully", "logger": "database_manager", "level": "info", "timestamp": "2025-11-11T16:56:27.074801Z"}
2025-11-11 17:56:27,075 - api_server - INFO - {"event": "Certificate manager disabled (no CA certificate found)", "logger": "api_server", "level": "info", "timestamp": "2025-11-11T16:56:27.074989Z"}
2025-11-11 17:56:27,075 - api_server - INFO - {"host": "127.0.0.1", "port": 8000, "event": "API server started", "logger": "api_server", "level": "info", "timestamp": "2025-11-11T16:56:27.075109Z"}
2025-11-20 21:18:42,392 - api_server - INFO - {"component": "api_server", "log_level": "INFO", "log_file": "./logs/firewalld_central.log", "event": "Logging initialized", "logger": "api_server", "level": "info", "timestamp": "2025-11-20T20:18:42.392854Z"}
2025-11-20 21:18:42,393 - api_server - INFO - {"event": "Redis disabled for development", "logger": "api_server", "level": "info", "timestamp": "2025-11-20T20:18:42.393167Z"}
2025-11-20 21:18:42,416 - database_manager - INFO - {"event": "Database initialized successfully", "logger": "database_manager", "level": "info", "timestamp": "2025-11-20T20:18:42.415994Z"}
2025-11-20 21:18:42,416 - api_server - INFO - {"event": "Certificate manager disabled (no CA certificate found)", "logger": "api_server", "level": "info", "timestamp": "2025-11-20T20:18:42.416165Z"}
2025-11-20 21:18:42,416 - api_server - INFO - {"host": "127.0.0.1", "port": 8000, "event": "API server started", "logger": "api_server", "level": "info", "timestamp": "2025-11-20T20:18:42.416252Z"}
2025-11-21 15:37:33,626 - api_server - INFO - {"component": "api_server", "log_level": "INFO", "log_file": "./logs/firewalld_central.log", "event": "Logging initialized", "logger": "api_server", "level": "info", "timestamp": "2025-11-21T14:37:33.626144Z"}
2025-11-21 15:37:33,626 - api_server - INFO - {"event": "Redis disabled for development", "logger": "api_server", "level": "info", "timestamp": "2025-11-21T14:37:33.626294Z"}
2025-11-21 15:37:33,635 - database_manager - INFO - {"event": "Database initialized successfully", "logger": "database_manager", "level": "info", "timestamp": "2025-11-21T14:37:33.635615Z"}
2025-11-21 15:37:33,635 - api_server - INFO - {"event": "Certificate manager disabled (no CA certificate found)", "logger": "api_server", "level": "info", "timestamp": "2025-11-21T14:37:33.635728Z"}
2025-11-21 15:37:33,635 - api_server - INFO - {"host": "127.0.0.1", "port": 8000, "event": "API server started", "logger": "api_server", "level": "info", "timestamp": "2025-11-21T14:37:33.635819Z"}
2025-11-21 15:39:35,455 - api_server - INFO - {"component": "api_server", "log_level": "INFO", "log_file": "./logs/firewalld_central.log", "event": "Logging initialized", "logger": "api_server", "level": "info", "timestamp": "2025-11-21T14:39:35.455062Z"}
2025-11-21 15:39:35,455 - api_server - INFO - {"event": "Redis disabled for development", "logger": "api_server", "level": "info", "timestamp": "2025-11-21T14:39:35.455194Z"}
2025-11-21 15:39:35,464 - database_manager - INFO - {"event": "Database initialized successfully", "logger": "database_manager", "level": "info", "timestamp": "2025-11-21T14:39:35.464071Z"}
2025-11-21 15:39:35,464 - api_server - INFO - {"event": "Certificate manager disabled (no CA certificate found)", "logger": "api_server", "level": "info", "timestamp": "2025-11-21T14:39:35.464193Z"}
2025-11-21 15:39:35,464 - api_server - INFO - {"host": "127.0.0.1", "port": 8000, "event": "API server started", "logger": "api_server", "level": "info", "timestamp": "2025-11-21T14:39:35.464262Z"}
